This file contains any messages produced by compilers while
running configure, to aid debugging if configure makes a mistake.

It was created by libiowkit configure 1.5.0, which was
generated by GNU Autoconf 2.61.  Invocation command line was

  $ ./configure 

## --------- ##
## Platform. ##
## --------- ##

hostname = mosaik
uname -m = i686
uname -r = 5.3.0-40-generic
uname -s = Linux
uname -v = #32~18.04.1-Ubuntu SMP Mon Feb 3 14:06:25 UTC 2020

/usr/bin/uname -p = unknown
/bin/uname -X     = unknown

/bin/arch              = unknown
/usr/bin/arch -k       = unknown
/usr/convex/getsysinfo = unknown
/usr/bin/hostinfo      = unknown
/bin/machine           = unknown
/usr/bin/oslevel       = unknown
/bin/universe          = unknown

PATH: /usr/local/sbin
PATH: /usr/local/bin
PATH: /usr/sbin
PATH: /usr/bin
PATH: /sbin
PATH: /bin
PATH: /usr/games
PATH: /usr/local/games
PATH: /snap/bin


## ----------- ##
## Core tests. ##
## ----------- ##

configure:1998: checking for a BSD-compatible install
configure:2054: result: /usr/bin/install -c
configure:2065: checking whether build environment is sane
configure:2108: result: yes
configure:2136: checking for a thread-safe mkdir -p
configure:2175: result: /bin/mkdir -p
configure:2188: checking for gawk
configure:2204: found /usr/bin/gawk
configure:2215: result: gawk
configure:2226: checking whether make sets $(MAKE)
configure:2247: result: yes
configure:2529: checking build system type
configure:2547: result: i686-pc-linux
configure:2569: checking host system type
configure:2584: result: i686-pc-linux
configure:2618: checking for style of include used by make
configure:2646: result: GNU
configure:2716: checking for gcc
configure:2732: found /usr/bin/gcc
configure:2743: result: gcc
configure:2981: checking for C compiler version
configure:2988: gcc --version >&5
gcc (Ubuntu 7.5.0-3ubuntu1~18.04) 7.5.0
Copyright (C) 2017 Free Software Foundation, Inc.
This is free software; see the source for copying conditions.  There is NO
warranty; not even for MERCHANTABILITY or FITNESS FOR A PARTICULAR PURPOSE.

configure:2991: $? = 0
configure:2998: gcc -v >&5
Using built-in specs.
COLLECT_GCC=gcc
COLLECT_LTO_WRAPPER=/usr/lib/gcc/i686-linux-gnu/7/lto-wrapper
Target: i686-linux-gnu
Configured with: ../src/configure -v --with-pkgversion='Ubuntu 7.5.0-3ubuntu1~18.04' --with-bugurl=file:///usr/share/doc/gcc-7/README.Bugs --enable-languages=c,ada,c++,go,brig,d,fortran,objc,obj-c++ --prefix=/usr --with-gcc-major-version-only --program-suffix=-7 --program-prefix=i686-linux-gnu- --enable-shared --enable-linker-build-id --libexecdir=/usr/lib --without-included-gettext --enable-threads=posix --libdir=/usr/lib --enable-nls --enable-clocale=gnu --enable-libstdcxx-debug --enable-libstdcxx-time=yes --with-default-libstdcxx-abi=new --enable-gnu-unique-object --disable-vtable-verify --enable-libmpx --enable-plugin --enable-default-pie --with-system-zlib --with-target-system-zlib --enable-objc-gc=auto --enable-targets=all --enable-multiarch --disable-werror --with-arch-32=i686 --with-multilib-list=m32,m64,mx32 --enable-multilib --with-tune=generic --enable-checking=release --build=i686-linux-gnu --host=i686-linux-gnu --target=i686-linux-gnu
Thread model: posix
gcc version 7.5.0 (Ubuntu 7.5.0-3ubuntu1~18.04) 
configure:3001: $? = 0
configure:3008: gcc -V >&5
gcc: error: unrecognized command line option '-V'
gcc: fatal error: no input files
compilation terminated.
configure:3011: $? = 1
configure:3034: checking for C compiler default output file name
configure:3061: gcc    conftest.c  >&5
configure:3064: $? = 0
configure:3102: result: a.out
configure:3119: checking whether the C compiler works
configure:3129: ./a.out
configure:3132: $? = 0
configure:3149: result: yes
configure:3156: checking whether we are cross compiling
configure:3158: result: no
configure:3161: checking for suffix of executables
configure:3168: gcc -o conftest    conftest.c  >&5
configure:3171: $? = 0
configure:3195: result: 
configure:3201: checking for suffix of object files
configure:3227: gcc -c   conftest.c >&5
configure:3230: $? = 0
configure:3253: result: o
configure:3257: checking whether we are using the GNU C compiler
configure:3286: gcc -c   conftest.c >&5
configure:3292: $? = 0
configure:3309: result: yes
configure:3314: checking whether gcc accepts -g
configure:3344: gcc -c -g  conftest.c >&5
configure:3350: $? = 0
configure:3449: result: yes
configure:3466: checking for gcc option to accept ISO C89
configure:3540: gcc  -c -g -O2  conftest.c >&5
configure:3546: $? = 0
configure:3569: result: none needed
configure:3589: checking dependency style of gcc
configure:3680: result: gcc3
configure:3695: checking for a sed that does not truncate output
configure:3749: result: /bin/sed
configure:3752: checking for grep that handles long lines and -e
configure:3826: result: /bin/grep
configure:3831: checking for egrep
configure:3909: result: /bin/grep -E
configure:3925: checking for ld used by gcc
configure:3992: result: /usr/bin/ld
configure:4001: checking if the linker (/usr/bin/ld) is GNU ld
configure:4016: result: yes
configure:4021: checking for /usr/bin/ld option to reload object files
configure:4028: result: -r
configure:4046: checking for BSD-compatible nm
configure:4095: result: /usr/bin/nm -B
configure:4099: checking whether ln -s works
configure:4103: result: yes
configure:4110: checking how to recognise dependent libraries
configure:4286: result: pass_all
configure:4520: checking how to run the C preprocessor
configure:4560: gcc -E  conftest.c
configure:4566: $? = 0
configure:4597: gcc -E  conftest.c
conftest.c:10:10: fatal error: ac_nonexistent.h: No such file or directory
 #include <ac_nonexistent.h>
          ^~~~~~~~~~~~~~~~~~
compilation terminated.
configure:4603: $? = 1
configure: failed program was:
| /* confdefs.h.  */
| #define PACKAGE_NAME "libiowkit"
| #define PACKAGE_TARNAME "libiowkit"
| #define PACKAGE_VERSION "1.5.0"
| #define PACKAGE_STRING "libiowkit 1.5.0"
| #define PACKAGE_BUGREPORT ""
| #define PACKAGE "libiowkit"
| #define VERSION "1.5.0"
| /* end confdefs.h.  */
| #include <ac_nonexistent.h>
configure:4636: result: gcc -E
configure:4665: gcc -E  conftest.c
configure:4671: $? = 0
configure:4702: gcc -E  conftest.c
conftest.c:10:10: fatal error: ac_nonexistent.h: No such file or directory
 #include <ac_nonexistent.h>
          ^~~~~~~~~~~~~~~~~~
compilation terminated.
configure:4708: $? = 1
configure: failed program was:
| /* confdefs.h.  */
| #define PACKAGE_NAME "libiowkit"
| #define PACKAGE_TARNAME "libiowkit"
| #define PACKAGE_VERSION "1.5.0"
| #define PACKAGE_STRING "libiowkit 1.5.0"
| #define PACKAGE_BUGREPORT ""
| #define PACKAGE "libiowkit"
| #define VERSION "1.5.0"
| /* end confdefs.h.  */
| #include <ac_nonexistent.h>
configure:4746: checking for ANSI C header files
configure:4776: gcc -c -g -O2  conftest.c >&5
configure:4782: $? = 0
configure:4881: gcc -o conftest -g -O2   conftest.c  >&5
configure:4884: $? = 0
configure:4890: ./conftest
configure:4893: $? = 0
configure:4910: result: yes
configure:4934: checking for sys/types.h
configure:4955: gcc -c -g -O2  conftest.c >&5
configure:4961: $? = 0
configure:4977: result: yes
configure:4934: checking for sys/stat.h
configure:4955: gcc -c -g -O2  conftest.c >&5
configure:4961: $? = 0
configure:4977: result: yes
configure:4934: checking for stdlib.h
configure:4955: gcc -c -g -O2  conftest.c >&5
configure:4961: $? = 0
configure:4977: result: yes
configure:4934: checking for string.h
configure:4955: gcc -c -g -O2  conftest.c >&5
configure:4961: $? = 0
configure:4977: result: yes
configure:4934: checking for memory.h
configure:4955: gcc -c -g -O2  conftest.c >&5
configure:4961: $? = 0
configure:4977: result: yes
configure:4934: checking for strings.h
configure:4955: gcc -c -g -O2  conftest.c >&5
configure:4961: $? = 0
configure:4977: result: yes
configure:4934: checking for inttypes.h
configure:4955: gcc -c -g -O2  conftest.c >&5
configure:4961: $? = 0
configure:4977: result: yes
configure:4934: checking for stdint.h
configure:4955: gcc -c -g -O2  conftest.c >&5
configure:4961: $? = 0
configure:4977: result: yes
configure:4934: checking for unistd.h
configure:4955: gcc -c -g -O2  conftest.c >&5
configure:4961: $? = 0
configure:4977: result: yes
configure:5004: checking dlfcn.h usability
configure:5021: gcc -c -g -O2  conftest.c >&5
configure:5027: $? = 0
configure:5041: result: yes
configure:5045: checking dlfcn.h presence
configure:5060: gcc -E  conftest.c
configure:5066: $? = 0
configure:5080: result: yes
configure:5108: checking for dlfcn.h
configure:5116: result: yes
configure:5187: checking for g++
configure:5203: found /usr/bin/g++
configure:5214: result: g++
configure:5245: checking for C++ compiler version
configure:5252: g++ --version >&5
g++ (Ubuntu 7.5.0-3ubuntu1~18.04) 7.5.0
Copyright (C) 2017 Free Software Foundation, Inc.
This is free software; see the source for copying conditions.  There is NO
warranty; not even for MERCHANTABILITY or FITNESS FOR A PARTICULAR PURPOSE.

configure:5255: $? = 0
configure:5262: g++ -v >&5
Using built-in specs.
COLLECT_GCC=g++
COLLECT_LTO_WRAPPER=/usr/lib/gcc/i686-linux-gnu/7/lto-wrapper
Target: i686-linux-gnu
Configured with: ../src/configure -v --with-pkgversion='Ubuntu 7.5.0-3ubuntu1~18.04' --with-bugurl=file:///usr/share/doc/gcc-7/README.Bugs --enable-languages=c,ada,c++,go,brig,d,fortran,objc,obj-c++ --prefix=/usr --with-gcc-major-version-only --program-suffix=-7 --program-prefix=i686-linux-gnu- --enable-shared --enable-linker-build-id --libexecdir=/usr/lib --without-included-gettext --enable-threads=posix --libdir=/usr/lib --enable-nls --enable-clocale=gnu --enable-libstdcxx-debug --enable-libstdcxx-time=yes --with-default-libstdcxx-abi=new --enable-gnu-unique-object --disable-vtable-verify --enable-libmpx --enable-plugin --enable-default-pie --with-system-zlib --with-target-system-zlib --enable-objc-gc=auto --enable-targets=all --enable-multiarch --disable-werror --with-arch-32=i686 --with-multilib-list=m32,m64,mx32 --enable-multilib --with-tune=generic --enable-checking=release --build=i686-linux-gnu --host=i686-linux-gnu --target=i686-linux-gnu
Thread model: posix
gcc version 7.5.0 (Ubuntu 7.5.0-3ubuntu1~18.04) 
configure:5265: $? = 0
configure:5272: g++ -V >&5
g++: error: unrecognized command line option '-V'
g++: fatal error: no input files
compilation terminated.
configure:5275: $? = 1
configure:5278: checking whether we are using the GNU C++ compiler
configure:5307: g++ -c   conftest.cpp >&5
configure:5313: $? = 0
configure:5330: result: yes
configure:5335: checking whether g++ accepts -g
configure:5365: g++ -c -g  conftest.cpp >&5
configure:5371: $? = 0
configure:5470: result: yes
configure:5495: checking dependency style of g++
configure:5586: result: gcc3
configure:5611: checking how to run the C++ preprocessor
configure:5647: g++ -E  conftest.cpp
configure:5653: $? = 0
configure:5684: g++ -E  conftest.cpp
conftest.cpp:21:10: fatal error: ac_nonexistent.h: No such file or directory
 #include <ac_nonexistent.h>
          ^~~~~~~~~~~~~~~~~~
compilation terminated.
configure:5690: $? = 1
configure: failed program was:
| /* confdefs.h.  */
| #define PACKAGE_NAME "libiowkit"
| #define PACKAGE_TARNAME "libiowkit"
| #define PACKAGE_VERSION "1.5.0"
| #define PACKAGE_STRING "libiowkit 1.5.0"
| #define PACKAGE_BUGREPORT ""
| #define PACKAGE "libiowkit"
| #define VERSION "1.5.0"
| #define STDC_HEADERS 1
| #define HAVE_SYS_TYPES_H 1
| #define HAVE_SYS_STAT_H 1
| #define HAVE_STDLIB_H 1
| #define HAVE_STRING_H 1
| #define HAVE_MEMORY_H 1
| #define HAVE_STRINGS_H 1
| #define HAVE_INTTYPES_H 1
| #define HAVE_STDINT_H 1
| #define HAVE_UNISTD_H 1
| #define HAVE_DLFCN_H 1
| /* end confdefs.h.  */
| #include <ac_nonexistent.h>
configure:5723: result: g++ -E
configure:5752: g++ -E  conftest.cpp
configure:5758: $? = 0
configure:5789: g++ -E  conftest.cpp
conftest.cpp:21:10: fatal error: ac_nonexistent.h: No such file or directory
 #include <ac_nonexistent.h>
          ^~~~~~~~~~~~~~~~~~
compilation terminated.
configure:5795: $? = 1
configure: failed program was:
| /* confdefs.h.  */
| #define PACKAGE_NAME "libiowkit"
| #define PACKAGE_TARNAME "libiowkit"
| #define PACKAGE_VERSION "1.5.0"
| #define PACKAGE_STRING "libiowkit 1.5.0"
| #define PACKAGE_BUGREPORT ""
| #define PACKAGE "libiowkit"
| #define VERSION "1.5.0"
| #define STDC_HEADERS 1
| #define HAVE_SYS_TYPES_H 1
| #define HAVE_SYS_STAT_H 1
| #define HAVE_STDLIB_H 1
| #define HAVE_STRING_H 1
| #define HAVE_MEMORY_H 1
| #define HAVE_STRINGS_H 1
| #define HAVE_INTTYPES_H 1
| #define HAVE_STDINT_H 1
| #define HAVE_UNISTD_H 1
| #define HAVE_DLFCN_H 1
| /* end confdefs.h.  */
| #include <ac_nonexistent.h>
configure:5888: checking for g77
configure:5918: result: no
configure:5888: checking for xlf
configure:5918: result: no
configure:5888: checking for f77
configure:5918: result: no
configure:5888: checking for frt
configure:5918: result: no
configure:5888: checking for pgf77
configure:5918: result: no
configure:5888: checking for cf77
configure:5918: result: no
configure:5888: checking for fort77
configure:5918: result: no
configure:5888: checking for fl32
configure:5918: result: no
configure:5888: checking for af77
configure:5918: result: no
configure:5888: checking for xlf90
configure:5918: result: no
configure:5888: checking for f90
configure:5918: result: no
configure:5888: checking for pgf90
configure:5918: result: no
configure:5888: checking for pghpf
configure:5918: result: no
configure:5888: checking for epcf90
configure:5918: result: no
configure:5888: checking for gfortran
configure:5918: result: no
configure:5888: checking for g95
configure:5918: result: no
configure:5888: checking for xlf95
configure:5918: result: no
configure:5888: checking for f95
configure:5918: result: no
configure:5888: checking for fort
configure:5918: result: no
configure:5888: checking for ifort
configure:5918: result: no
configure:5888: checking for ifc
configure:5918: result: no
configure:5888: checking for efc
configure:5918: result: no
configure:5888: checking for pgf95
configure:5918: result: no
configure:5888: checking for lf95
configure:5918: result: no
configure:5888: checking for ftn
configure:5918: result: no
configure:5945: checking for Fortran 77 compiler version
configure:5952:  --version >&5
./configure: line 5953: --version: command not found
configure:5955: $? = 127
configure:5962:  -v >&5
./configure: line 5963: -v: command not found
configure:5965: $? = 127
configure:5972:  -V >&5
./configure: line 5973: -V: command not found
configure:5975: $? = 127
configure:5983: checking whether we are using the GNU Fortran 77 compiler
configure:6002:  -c  conftest.F >&5
./configure: line 6003: -c: command not found
configure:6008: $? = 127
configure: failed program was:
|       program main
| #ifndef __GNUC__
|        choke me
| #endif
| 
|       end
configure:6025: result: no
configure:6031: checking whether  accepts -g
configure:6048:  -c -g conftest.f >&5
./configure: line 6049: -c: command not found
configure:6054: $? = 127
configure: failed program was:
|       program main
| 
|       end
configure:6070: result: no
configure:6100: checking the maximum length of command line arguments
configure:6209: result: 32768
configure:6220: checking command to parse /usr/bin/nm -B output from gcc object
configure:6325: gcc -c -g -O2  conftest.c >&5
configure:6328: $? = 0
configure:6332: /usr/bin/nm -B conftest.o \| sed -n -e 's/^.*[ 	]\([ABCDGIRSTW][ABCDGIRSTW]*\)[ 	][ 	]*\([_A-Za-z][_A-Za-z0-9]*\)$/\1 \2 \2/p' \> conftest.nm
configure:6335: $? = 0
configure:6387: gcc -o conftest -g -O2   conftest.c conftstm.o >&5
configure:6390: $? = 0
configure:6428: result: ok
configure:6432: checking for objdir
configure:6447: result: .libs
configure:6539: checking for ar
configure:6555: found /usr/bin/ar
configure:6566: result: ar
configure:6635: checking for ranlib
configure:6651: found /usr/bin/ranlib
configure:6662: result: ranlib
configure:6731: checking for strip
configure:6747: found /usr/bin/strip
configure:6758: result: strip
configure:7044: checking if gcc supports -fno-rtti -fno-exceptions
configure:7062: gcc -c -g -O2  -fno-rtti -fno-exceptions conftest.c >&5
cc1: warning: command line option '-fno-rtti' is valid for C++/ObjC++ but not for C
configure:7066: $? = 0
configure:7079: result: no
configure:7094: checking for gcc option to produce PIC
configure:7304: result: -fPIC
configure:7312: checking if gcc PIC flag -fPIC works
configure:7330: gcc -c -g -O2  -fPIC -DPIC conftest.c >&5
configure:7334: $? = 0
configure:7347: result: yes
configure:7375: checking if gcc static flag -static works
configure:7403: result: yes
configure:7413: checking if gcc supports -c -o file.o
configure:7434: gcc -c -g -O2  -o out/conftest2.o conftest.c >&5
configure:7438: $? = 0
configure:7460: result: yes
configure:7486: checking whether the gcc linker (/usr/bin/ld) supports shared libraries
configure:8441: result: yes
configure:8462: checking whether -lc should be explicitly linked in
configure:8467: gcc -c -g -O2  conftest.c >&5
configure:8470: $? = 0
configure:8485: gcc -shared conftest.o  -v -Wl,-soname -Wl,conftest -o conftest 2\>\&1 \| grep  -lc  \>/dev/null 2\>\&1
configure:8488: $? = 0
configure:8500: result: no
configure:8508: checking dynamic linker characteristics
configure:9084: result: GNU/Linux ld.so
configure:9093: checking how to hardcode library paths into programs
configure:9118: result: immediate
configure:9132: checking whether stripping libraries is possible
configure:9137: result: yes
configure:9938: checking if libtool supports shared libraries
configure:9940: result: yes
configure:9943: checking whether to build shared libraries
configure:9964: result: yes
configure:9967: checking whether to build static libraries
configure:9971: result: yes
configure:10063: creating libtool
configure:10651: checking for ld used by g++
configure:10718: result: /usr/bin/ld
configure:10727: checking if the linker (/usr/bin/ld) is GNU ld
configure:10742: result: yes
configure:10793: checking whether the g++ linker (/usr/bin/ld) supports shared libraries
configure:11727: result: yes
configure:11745: g++ -c -g -O2  conftest.cpp >&5
configure:11748: $? = 0
configure:11867: checking for g++ option to produce PIC
configure:12141: result: -fPIC
configure:12149: checking if g++ PIC flag -fPIC works
configure:12167: g++ -c -g -O2  -fPIC -DPIC conftest.cpp >&5
configure:12171: $? = 0
configure:12184: result: yes
configure:12212: checking if g++ static flag -static works
configure:12240: result: yes
configure:12250: checking if g++ supports -c -o file.o
configure:12271: g++ -c -g -O2  -o out/conftest2.o conftest.cpp >&5
configure:12275: $? = 0
configure:12297: result: yes
configure:12323: checking whether the g++ linker (/usr/bin/ld) supports shared libraries
configure:12351: result: yes
configure:12418: checking dynamic linker characteristics
configure:12994: result: GNU/Linux ld.so
configure:13003: checking how to hardcode library paths into programs
configure:13028: result: immediate
configure:19150: checking for OS support on i686-pc-linux
configure:19159: result: Compiling on Linux
configure:19236: checking for gcc
configure:19263: result: gcc
configure:19501: checking for C compiler version
configure:19508: gcc --version >&5
gcc (Ubuntu 7.5.0-3ubuntu1~18.04) 7.5.0
Copyright (C) 2017 Free Software Foundation, Inc.
This is free software; see the source for copying conditions.  There is NO
warranty; not even for MERCHANTABILITY or FITNESS FOR A PARTICULAR PURPOSE.

configure:19511: $? = 0
configure:19518: gcc -v >&5
Using built-in specs.
COLLECT_GCC=gcc
COLLECT_LTO_WRAPPER=/usr/lib/gcc/i686-linux-gnu/7/lto-wrapper
Target: i686-linux-gnu
Configured with: ../src/configure -v --with-pkgversion='Ubuntu 7.5.0-3ubuntu1~18.04' --with-bugurl=file:///usr/share/doc/gcc-7/README.Bugs --enable-languages=c,ada,c++,go,brig,d,fortran,objc,obj-c++ --prefix=/usr --with-gcc-major-version-only --program-suffix=-7 --program-prefix=i686-linux-gnu- --enable-shared --enable-linker-build-id --libexecdir=/usr/lib --without-included-gettext --enable-threads=posix --libdir=/usr/lib --enable-nls --enable-clocale=gnu --enable-libstdcxx-debug --enable-libstdcxx-time=yes --with-default-libstdcxx-abi=new --enable-gnu-unique-object --disable-vtable-verify --enable-libmpx --enable-plugin --enable-default-pie --with-system-zlib --with-target-system-zlib --enable-objc-gc=auto --enable-targets=all --enable-multiarch --disable-werror --with-arch-32=i686 --with-multilib-list=m32,m64,mx32 --enable-multilib --with-tune=generic --enable-checking=release --build=i686-linux-gnu --host=i686-linux-gnu --target=i686-linux-gnu
Thread model: posix
gcc version 7.5.0 (Ubuntu 7.5.0-3ubuntu1~18.04) 
configure:19521: $? = 0
configure:19528: gcc -V >&5
gcc: error: unrecognized command line option '-V'
gcc: fatal error: no input files
compilation terminated.
configure:19531: $? = 1
configure:19534: checking whether we are using the GNU C compiler
configure:19586: result: yes
configure:19591: checking whether gcc accepts -g
configure:19726: result: yes
configure:19743: checking for gcc option to accept ISO C89
configure:19846: result: none needed
configure:19866: checking dependency style of gcc
configure:19957: result: gcc3
configure:19991: checking for ANSI C header files
configure:20155: result: yes
configure:20179: checking for string.h
configure:20185: result: yes
configure:20189: checking stdio.h usability
configure:20206: gcc -c -O2 -Wall -g  conftest.c >&5
configure:20212: $? = 0
configure:20226: result: yes
configure:20230: checking stdio.h presence
configure:20245: gcc -E  conftest.c
configure:20251: $? = 0
configure:20265: result: yes
configure:20293: checking for stdio.h
configure:20301: result: yes
configure:20179: checking for stdlib.h
configure:20185: result: yes
configure:20189: checking errno.h usability
configure:20206: gcc -c -O2 -Wall -g  conftest.c >&5
configure:20212: $? = 0
configure:20226: result: yes
configure:20230: checking errno.h presence
configure:20245: gcc -E  conftest.c
configure:20251: $? = 0
configure:20265: result: yes
configure:20293: checking for errno.h
configure:20301: result: yes
configure:20189: checking sys/ioctl.h usability
configure:20206: gcc -c -O2 -Wall -g  conftest.c >&5
configure:20212: $? = 0
configure:20226: result: yes
configure:20230: checking sys/ioctl.h presence
configure:20245: gcc -E  conftest.c
configure:20251: $? = 0
configure:20265: result: yes
configure:20293: checking for sys/ioctl.h
configure:20301: result: yes
configure:20179: checking for sys/types.h
configure:20185: result: yes
configure:20179: checking for sys/stat.h
configure:20185: result: yes
configure:20179: checking for unistd.h
configure:20185: result: yes
configure:20189: checking time.h usability
configure:20206: gcc -c -O2 -Wall -g  conftest.c >&5
configure:20212: $? = 0
configure:20226: result: yes
configure:20230: checking time.h presence
configure:20245: gcc -E  conftest.c
configure:20251: $? = 0
configure:20265: result: yes
configure:20293: checking for time.h
configure:20301: result: yes
configure:20189: checking pthread.h usability
configure:20206: gcc -c -O2 -Wall -g  conftest.c >&5
configure:20212: $? = 0
configure:20226: result: yes
configure:20230: checking pthread.h presence
configure:20245: gcc -E  conftest.c
configure:20251: $? = 0
configure:20265: result: yes
configure:20293: checking for pthread.h
configure:20301: result: yes
configure:20316: checking whether gcc needs -traditional
configure:20358: result: no
configure:20370: checking for stdlib.h
configure:20376: result: yes
configure:20505: checking for GNU libc compatible malloc
configure:20539: gcc -o conftest -O2 -Wall -g   conftest.c  >&5
configure:20542: $? = 0
configure:20548: ./conftest
configure:20551: $? = 0
configure:20567: result: yes
configure:20611: checking sys/select.h usability
configure:20628: gcc -c -O2 -Wall -g  conftest.c >&5
configure:20634: $? = 0
configure:20648: result: yes
configure:20652: checking sys/select.h presence
configure:20667: gcc -E  conftest.c
configure:20673: $? = 0
configure:20687: result: yes
configure:20715: checking for sys/select.h
configure:20723: result: yes
configure:20611: checking sys/socket.h usability
configure:20628: gcc -c -O2 -Wall -g  conftest.c >&5
configure:20634: $? = 0
configure:20648: result: yes
configure:20652: checking sys/socket.h presence
configure:20667: gcc -E  conftest.c
configure:20673: $? = 0
configure:20687: result: yes
configure:20715: checking for sys/socket.h
configure:20723: result: yes
configure:20736: checking types of arguments for select
configure:20774: gcc -c -O2 -Wall -g  conftest.c >&5
configure:20780: $? = 0
configure:20801: result: int,fd_set *,struct timeval *
configure:20830: checking for memset
configure:20886: gcc -o conftest -O2 -Wall -g   conftest.c  >&5
conftest.c:63:6: warning: conflicting types for built-in function 'memset' [-Wbuiltin-declaration-mismatch]
 char memset ();
      ^~~~~~
configure:20892: $? = 0
configure:20910: result: yes
configure:20830: checking for select
configure:20886: gcc -o conftest -O2 -Wall -g   conftest.c  >&5
configure:20892: $? = 0
configure:20910: result: yes
configure:20830: checking for strtoul
configure:20886: gcc -o conftest -O2 -Wall -g   conftest.c  >&5
configure:20892: $? = 0
configure:20910: result: yes
configure:20927: checking for java
configure:20955: result: no
configure:20977: checking for doxygen
configure:21005: result: no
configure:21177: creating ./config.status

## ---------------------- ##
## Running config.status. ##
## ---------------------- ##

This file was extended by libiowkit config.status 1.5.0, which was
generated by GNU Autoconf 2.61.  Invocation command line was

  CONFIG_FILES    = 
  CONFIG_HEADERS  = 
  CONFIG_LINKS    = 
  CONFIG_COMMANDS = 
  $ ./config.status 

on mosaik

config.status:677: creating Makefile
config.status:677: creating src/Makefile
config.status:677: creating tests/Makefile
config.status:677: creating java/Makefile
config.status:677: creating config.h
config.status:926: config.h is unchanged
config.status:972: executing depfiles commands

## ---------------- ##
## Cache variables. ##
## ---------------- ##

ac_cv_build=i686-pc-linux
ac_cv_c_compiler_gnu=yes
ac_cv_cxx_compiler_gnu=yes
ac_cv_env_CCC_set=
ac_cv_env_CCC_value=
ac_cv_env_CC_set=
ac_cv_env_CC_value=
ac_cv_env_CFLAGS_set=
ac_cv_env_CFLAGS_value=
ac_cv_env_CPPFLAGS_set=
ac_cv_env_CPPFLAGS_value=
ac_cv_env_CPP_set=
ac_cv_env_CPP_value=
ac_cv_env_CXXCPP_set=
ac_cv_env_CXXCPP_value=
ac_cv_env_CXXFLAGS_set=
ac_cv_env_CXXFLAGS_value=
ac_cv_env_CXX_set=
ac_cv_env_CXX_value=
ac_cv_env_F77_set=
ac_cv_env_F77_value=
ac_cv_env_FFLAGS_set=
ac_cv_env_FFLAGS_value=
ac_cv_env_LDFLAGS_set=
ac_cv_env_LDFLAGS_value=
ac_cv_env_LIBS_set=
ac_cv_env_LIBS_value=
ac_cv_env_build_alias_set=
ac_cv_env_build_alias_value=
ac_cv_env_host_alias_set=
ac_cv_env_host_alias_value=
ac_cv_env_target_alias_set=
ac_cv_env_target_alias_value=
ac_cv_f77_compiler_gnu=no
ac_cv_func_malloc_0_nonnull=yes
ac_cv_func_memset=yes
ac_cv_func_select=yes
ac_cv_func_select_args='int,fd_set *,struct timeval *'
ac_cv_func_strtoul=yes
ac_cv_header_dlfcn_h=yes
ac_cv_header_errno_h=yes
ac_cv_header_inttypes_h=yes
ac_cv_header_memory_h=yes
ac_cv_header_pthread_h=yes
ac_cv_header_stdc=yes
ac_cv_header_stdint_h=yes
ac_cv_header_stdio_h=yes
ac_cv_header_stdlib_h=yes
ac_cv_header_string_h=yes
ac_cv_header_strings_h=yes
ac_cv_header_sys_ioctl_h=yes
ac_cv_header_sys_select_h=yes
ac_cv_header_sys_socket_h=yes
ac_cv_header_sys_stat_h=yes
ac_cv_header_sys_types_h=yes
ac_cv_header_time_h=yes
ac_cv_header_unistd_h=yes
ac_cv_host=i686-pc-linux
ac_cv_objext=o
ac_cv_path_EGREP='/bin/grep -E'
ac_cv_path_GREP=/bin/grep
ac_cv_path_install='/usr/bin/install -c'
ac_cv_path_mkdir=/bin/mkdir
ac_cv_prog_AWK=gawk
ac_cv_prog_CPP='gcc -E'
ac_cv_prog_CXXCPP='g++ -E'
ac_cv_prog_DOXYGEN_BIN=no
ac_cv_prog_JAVA_BIN=no
ac_cv_prog_ac_ct_AR=ar
ac_cv_prog_ac_ct_CC=gcc
ac_cv_prog_ac_ct_CXX=g++
ac_cv_prog_ac_ct_RANLIB=ranlib
ac_cv_prog_ac_ct_STRIP=strip
ac_cv_prog_cc_c89=
ac_cv_prog_cc_g=yes
ac_cv_prog_cxx_g=yes
ac_cv_prog_f77_g=no
ac_cv_prog_gcc_traditional=no
ac_cv_prog_make_make_set=yes
am_cv_CC_dependencies_compiler_type=gcc3
am_cv_CXX_dependencies_compiler_type=gcc3
lt_cv_deplibs_check_method=pass_all
lt_cv_file_magic_cmd='$MAGIC_CMD'
lt_cv_file_magic_test_file=
lt_cv_ld_reload_flag=-r
lt_cv_objdir=.libs
lt_cv_path_LD=/usr/bin/ld
lt_cv_path_LDCXX=/usr/bin/ld
lt_cv_path_NM='/usr/bin/nm -B'
lt_cv_path_SED=/bin/sed
lt_cv_prog_compiler_c_o=yes
lt_cv_prog_compiler_c_o_CXX=yes
lt_cv_prog_compiler_rtti_exceptions=no
lt_cv_prog_gnu_ld=yes
lt_cv_prog_gnu_ldcxx=yes
lt_cv_sys_global_symbol_pipe='sed -n -e '\''s/^.*[ 	]\([ABCDGIRSTW][ABCDGIRSTW]*\)[ 	][ 	]*\([_A-Za-z][_A-Za-z0-9]*\)$/\1 \2 \2/p'\'''
lt_cv_sys_global_symbol_to_c_name_address='sed -n -e '\''s/^: \([^ ]*\) $/  {\"\1\", (lt_ptr) 0},/p'\'' -e '\''s/^[BCDEGRST] \([^ ]*\) \([^ ]*\)$/  {"\2", (lt_ptr) \&\2},/p'\'''
lt_cv_sys_global_symbol_to_cdecl='sed -n -e '\''s/^. .* \(.*\)$/extern int \1;/p'\'''
lt_cv_sys_max_cmd_len=32768
lt_lt_cv_prog_compiler_c_o='"yes"'
lt_lt_cv_prog_compiler_c_o_CXX='"yes"'
lt_lt_cv_sys_global_symbol_pipe='"sed -n -e '\''s/^.*[ 	]\\([ABCDGIRSTW][ABCDGIRSTW]*\\)[ 	][ 	]*\\([_A-Za-z][_A-Za-z0-9]*\\)\$/\\1 \\2 \\2/p'\''"'
lt_lt_cv_sys_global_symbol_to_c_name_address='"sed -n -e '\''s/^: \\([^ ]*\\) \$/  {\\\"\\1\\\", (lt_ptr) 0},/p'\'' -e '\''s/^[BCDEGRST] \\([^ ]*\\) \\([^ ]*\\)\$/  {\"\\2\", (lt_ptr) \\&\\2},/p'\''"'
lt_lt_cv_sys_global_symbol_to_cdecl='"sed -n -e '\''s/^. .* \\(.*\\)\$/extern int \\1;/p'\''"'

## ----------------- ##
## Output variables. ##
## ----------------- ##

ACLOCAL='${SHELL} /data/LCD/lcd/iowkit1.5/libiowkit-1.5.0/missing --run aclocal-1.10'
AMDEPBACKSLASH='\'
AMDEP_FALSE='#'
AMDEP_TRUE=''
AMTAR='${SHELL} /data/LCD/lcd/iowkit1.5/libiowkit-1.5.0/missing --run tar'
AR='ar'
AUTOCONF='${SHELL} /data/LCD/lcd/iowkit1.5/libiowkit-1.5.0/missing --run autoconf'
AUTOHEADER='${SHELL} /data/LCD/lcd/iowkit1.5/libiowkit-1.5.0/missing --run autoheader'
AUTOMAKE='${SHELL} /data/LCD/lcd/iowkit1.5/libiowkit-1.5.0/missing --run automake-1.10'
AWK='gawk'
CC='gcc'
CCDEPMODE='depmode=gcc3'
CFLAGS='-O2 -Wall -g'
CPP='gcc -E'
CPPFLAGS=''
CXX='g++'
CXXCPP='g++ -E'
CXXDEPMODE='depmode=gcc3'
CXXFLAGS='-g -O2'
CYGPATH_W='echo'
DEFS='-DHAVE_CONFIG_H'
DEPDIR='.deps'
DOXYGEN_BIN='no'
ECHO='echo'
ECHO_C=''
ECHO_N='-n'
ECHO_T=''
EGREP='/bin/grep -E'
EXEEXT=''
F77=''
FFLAGS=''
GREP='/bin/grep'
HAS_DOXYGEN_FALSE=''
HAS_DOXYGEN_TRUE='#'
HAS_JAVA_FALSE=''
HAS_JAVA_TRUE='#'
INSTALL_DATA='${INSTALL} -m 644'
INSTALL_PROGRAM='${INSTALL}'
INSTALL_SCRIPT='${INSTALL}'
INSTALL_STRIP_PROGRAM='$(install_sh) -c -s'
JAVA_BIN='no'
LDFLAGS=''
LIBIOWKIT_AGE='0'
LIBIOWKIT_CURRENT='1'
LIBIOWKIT_RELEASE='1.5'
LIBIOWKIT_REVISION='5'
LIBOBJS=''
LIBS=''
LIBTOOL='$(SHELL) $(top_builddir)/libtool'
LINUX_API='0'
LINUX_API_FALSE='#'
LINUX_API_TRUE=''
LN_S='ln -s'
LTLIBOBJS=''
MAKEINFO='${SHELL} /data/LCD/lcd/iowkit1.5/libiowkit-1.5.0/missing --run makeinfo'
OBJEXT='o'
PACKAGE='libiowkit'
PACKAGE_BUGREPORT=''
PACKAGE_NAME='libiowkit'
PACKAGE_STRING='libiowkit 1.5.0'
PACKAGE_TARNAME='libiowkit'
PACKAGE_VERSION='1.5.0'
PATH_SEPARATOR=':'
RANLIB='ranlib'
SET_MAKE=''
SHELL='/bin/bash'
STRIP='strip'
VERSION='1.5.0'
ac_ct_CC='gcc'
ac_ct_CXX='g++'
ac_ct_F77=''
am__fastdepCC_FALSE='#'
am__fastdepCC_TRUE=''
am__fastdepCXX_FALSE='#'
am__fastdepCXX_TRUE=''
am__include='include'
am__isrc=''
am__leading_dot='.'
am__quote=''
am__tar='${AMTAR} chof - "$$tardir"'
am__untar='${AMTAR} xf -'
bindir='${exec_prefix}/bin'
build='i686-pc-linux'
build_alias=''
build_cpu='i686'
build_os='linux'
build_vendor='pc'
datadir='${datarootdir}'
datarootdir='${prefix}/share'
docdir='${datarootdir}/doc/${PACKAGE_TARNAME}'
dvidir='${docdir}'
exec_prefix='${prefix}'
host='i686-pc-linux'
host_alias=''
host_cpu='i686'
host_os='linux'
host_vendor='pc'
htmldir='${docdir}'
includedir='${prefix}/include'
infodir='${datarootdir}/info'
install_sh='$(SHELL) /data/LCD/lcd/iowkit1.5/libiowkit-1.5.0/install-sh'
libdir='${exec_prefix}/lib'
libexecdir='${exec_prefix}/libexec'
localedir='${datarootdir}/locale'
localstatedir='${prefix}/var'
mandir='${datarootdir}/man'
mkdir_p='/bin/mkdir -p'
oldincludedir='/usr/include'
pdfdir='${docdir}'
prefix='/usr'
program_transform_name='s,x,x,'
psdir='${docdir}'
sbindir='${exec_prefix}/sbin'
sharedstatedir='${prefix}/com'
sysconfdir='${prefix}/etc'
target_alias=''

## ----------- ##
## confdefs.h. ##
## ----------- ##

#define PACKAGE_NAME "libiowkit"
#define PACKAGE_TARNAME "libiowkit"
#define PACKAGE_VERSION "1.5.0"
#define PACKAGE_STRING "libiowkit 1.5.0"
#define PACKAGE_BUGREPORT ""
#define PACKAGE "libiowkit"
#define VERSION "1.5.0"
#define STDC_HEADERS 1
#define HAVE_SYS_TYPES_H 1
#define HAVE_SYS_STAT_H 1
#define HAVE_STDLIB_H 1
#define HAVE_STRING_H 1
#define HAVE_MEMORY_H 1
#define HAVE_STRINGS_H 1
#define HAVE_INTTYPES_H 1
#define HAVE_STDINT_H 1
#define HAVE_UNISTD_H 1
#define HAVE_DLFCN_H 1
#define LINUX_API 1
#define STDC_HEADERS 1
#define HAVE_STRING_H 1
#define HAVE_STDIO_H 1
#define HAVE_STDLIB_H 1
#define HAVE_ERRNO_H 1
#define HAVE_SYS_IOCTL_H 1
#define HAVE_SYS_TYPES_H 1
#define HAVE_SYS_STAT_H 1
#define HAVE_UNISTD_H 1
#define HAVE_TIME_H 1
#define HAVE_PTHREAD_H 1
#define HAVE_STDLIB_H 1
#define HAVE_MALLOC 1
#define HAVE_SYS_SELECT_H 1
#define HAVE_SYS_SOCKET_H 1
#define SELECT_TYPE_ARG1 int
#define SELECT_TYPE_ARG234 (fd_set *)
#define SELECT_TYPE_ARG5 (struct timeval *)
#define HAVE_MEMSET 1
#define HAVE_SELECT 1
#define HAVE_STRTOUL 1

configure: exit 0
